Traceback (most recent call last):
  File "C:\ProgramData\anaconda3\envs\mlpy\lib\site-packages\jupyter_cache\executors\utils.py", line 58, in single_nb_execution
    executenb(
  File "C:\ProgramData\anaconda3\envs\mlpy\lib\site-packages\nbclient\client.py", line 1305, in execute
    return NotebookClient(nb=nb, resources=resources, km=km, **kwargs).execute()
  File "C:\ProgramData\anaconda3\envs\mlpy\lib\site-packages\jupyter_core\utils\__init__.py", line 165, in wrapped
    return loop.run_until_complete(inner)
  File "C:\ProgramData\anaconda3\envs\mlpy\lib\asyncio\base_events.py", line 649, in run_until_complete
    return future.result()
  File "C:\ProgramData\anaconda3\envs\mlpy\lib\site-packages\nbclient\client.py", line 705, in async_execute
    await self.async_execute_cell(
  File "C:\ProgramData\anaconda3\envs\mlpy\lib\site-packages\nbclient\client.py", line 1058, in async_execute_cell
    await self._check_raise_for_error(cell, cell_index, exec_reply)
  File "C:\ProgramData\anaconda3\envs\mlpy\lib\site-packages\nbclient\client.py", line 914, in _check_raise_for_error
    raise CellExecutionError.from_cell_and_msg(cell, exec_reply_content)
nbclient.exceptions.CellExecutionError: An error occurred while executing the following cell:
------------------
import numpy as np
import pandas as pd
import os
os.environ['KMP_DUPLICATE_LIB_OK'] = 'True'
import torch
import torch.nn as nn
from torch_geometric.nn import GCNConv
import lightgbm as lgb
import networkx as nx
from sklearn.metrics import mean_absolute_error, mean_squared_error, r2_score
import matplotlib.pyplot as plt

------------------


[1;31m---------------------------------------------------------------------------[0m
[1;31mModuleNotFoundError[0m                       Traceback (most recent call last)
Cell [1;32mIn[1], line 7[0m
[0;32m      5[0m [38;5;28;01mimport[39;00m [38;5;21;01mtorch[39;00m
[0;32m      6[0m [38;5;28;01mimport[39;00m [38;5;21;01mtorch[39;00m[38;5;21;01m.[39;00m[38;5;21;01mnn[39;00m [38;5;28;01mas[39;00m [38;5;21;01mnn[39;00m
[1;32m----> 7[0m [38;5;28;01mfrom[39;00m [38;5;21;01mtorch_geometric[39;00m[38;5;21;01m.[39;00m[38;5;21;01mnn[39;00m [38;5;28;01mimport[39;00m GCNConv
[0;32m      8[0m [38;5;28;01mimport[39;00m [38;5;21;01mlightgbm[39;00m [38;5;28;01mas[39;00m [38;5;21;01mlgb[39;00m
[0;32m      9[0m [38;5;28;01mimport[39;00m [38;5;21;01mnetworkx[39;00m [38;5;28;01mas[39;00m [38;5;21;01mnx[39;00m

File [1;32mC:\ProgramData\anaconda3\envs\mlpy\lib\site-packages\torch_geometric\__init__.py:17[0m
[0;32m     14[0m [38;5;28;01mfrom[39;00m [38;5;21;01m.[39;00m[38;5;21;01mdebug[39;00m [38;5;28;01mimport[39;00m is_debug_enabled, debug, set_debug
[0;32m     16[0m [38;5;28;01mimport[39;00m [38;5;21;01mtorch_geometric[39;00m[38;5;21;01m.[39;00m[38;5;21;01mutils[39;00m
[1;32m---> 17[0m [38;5;28;01mimport[39;00m [38;5;21;01mtorch_geometric[39;00m[38;5;21;01m.[39;00m[38;5;21;01mdata[39;00m
[0;32m     18[0m [38;5;28;01mimport[39;00m [38;5;21;01mtorch_geometric[39;00m[38;5;21;01m.[39;00m[38;5;21;01msampler[39;00m
[0;32m     19[0m [38;5;28;01mimport[39;00m [38;5;21;01mtorch_geometric[39;00m[38;5;21;01m.[39;00m[38;5;21;01mloader[39;00m

File [1;32mC:\ProgramData\anaconda3\envs\mlpy\lib\site-packages\torch_geometric\data\__init__.py:10[0m
[0;32m      8[0m [38;5;28;01mfrom[39;00m [38;5;21;01m.[39;00m[38;5;21;01mdata[39;00m [38;5;28;01mimport[39;00m Data
[0;32m      9[0m [38;5;28;01mfrom[39;00m [38;5;21;01m.[39;00m[38;5;21;01mhetero_data[39;00m [38;5;28;01mimport[39;00m HeteroData
[1;32m---> 10[0m [38;5;28;01mfrom[39;00m [38;5;21;01m.[39;00m[38;5;21;01mbatch[39;00m [38;5;28;01mimport[39;00m Batch
[0;32m     11[0m [38;5;28;01mfrom[39;00m [38;5;21;01m.[39;00m[38;5;21;01mtemporal[39;00m [38;5;28;01mimport[39;00m TemporalData
[0;32m     12[0m [38;5;28;01mfrom[39;00m [38;5;21;01m.[39;00m[38;5;21;01mdatabase[39;00m [38;5;28;01mimport[39;00m Database, SQLiteDatabase, RocksDatabase

File [1;32mC:\ProgramData\anaconda3\envs\mlpy\lib\site-packages\torch_geometric\data\batch.py:12[0m
[0;32m     10[0m [38;5;28;01mfrom[39;00m [38;5;21;01mtorch_geometric[39;00m[38;5;21;01m.[39;00m[38;5;21;01mdata[39;00m[38;5;21;01m.[39;00m[38;5;21;01mcollate[39;00m [38;5;28;01mimport[39;00m collate
[0;32m     11[0m [38;5;28;01mfrom[39;00m [38;5;21;01mtorch_geometric[39;00m[38;5;21;01m.[39;00m[38;5;21;01mdata[39;00m[38;5;21;01m.[39;00m[38;5;21;01mdata[39;00m [38;5;28;01mimport[39;00m BaseData, Data
[1;32m---> 12[0m [38;5;28;01mfrom[39;00m [38;5;21;01mtorch_geometric[39;00m[38;5;21;01m.[39;00m[38;5;21;01mdata[39;00m[38;5;21;01m.[39;00m[38;5;21;01mdataset[39;00m [38;5;28;01mimport[39;00m IndexType
[0;32m     13[0m [38;5;28;01mfrom[39;00m [38;5;21;01mtorch_geometric[39;00m[38;5;21;01m.[39;00m[38;5;21;01mdata[39;00m[38;5;21;01m.[39;00m[38;5;21;01mseparate[39;00m [38;5;28;01mimport[39;00m separate
[0;32m     16[0m [38;5;28;01mclass[39;00m [38;5;21;01mDynamicInheritance[39;00m([38;5;28mtype[39m):
[0;32m     17[0m     [38;5;66;03m# A meta class that sets the base class of a `Batch` object, e.g.:[39;00m
[0;32m     18[0m     [38;5;66;03m# * `Batch(Data)` in case `Data` objects are batched together[39;00m
[0;32m     19[0m     [38;5;66;03m# * `Batch(HeteroData)` in case `HeteroData` objects are batched together[39;00m

File [1;32mC:\ProgramData\anaconda3\envs\mlpy\lib\site-packages\torch_geometric\data\dataset.py:23[0m
[0;32m     20[0m [38;5;28;01mfrom[39;00m [38;5;21;01mtorch[39;00m [38;5;28;01mimport[39;00m Tensor
[0;32m     22[0m [38;5;28;01mfrom[39;00m [38;5;21;01mtorch_geometric[39;00m[38;5;21;01m.[39;00m[38;5;21;01mdata[39;00m[38;5;21;01m.[39;00m[38;5;21;01mdata[39;00m [38;5;28;01mimport[39;00m BaseData
[1;32m---> 23[0m [38;5;28;01mfrom[39;00m [38;5;21;01mtorch_geometric[39;00m[38;5;21;01m.[39;00m[38;5;21;01mio[39;00m [38;5;28;01mimport[39;00m fs
[0;32m     25[0m IndexType [38;5;241m=[39m Union[[38;5;28mslice[39m, Tensor, np[38;5;241m.[39mndarray, Sequence]
[0;32m     26[0m MISSING [38;5;241m=[39m [38;5;124m'[39m[38;5;124m???[39m[38;5;124m'[39m

File [1;32mC:\ProgramData\anaconda3\envs\mlpy\lib\site-packages\torch_geometric\io\__init__.py:1[0m
[1;32m----> 1[0m [38;5;28;01mfrom[39;00m [38;5;21;01m.[39;00m[38;5;21;01mtxt_array[39;00m [38;5;28;01mimport[39;00m parse_txt_array, read_txt_array
[0;32m      2[0m [38;5;28;01mfrom[39;00m [38;5;21;01m.[39;00m[38;5;21;01mtu[39;00m [38;5;28;01mimport[39;00m read_tu_data
[0;32m      3[0m [38;5;28;01mfrom[39;00m [38;5;21;01m.[39;00m[38;5;21;01mplanetoid[39;00m [38;5;28;01mimport[39;00m read_planetoid_data

File [1;32mC:\ProgramData\anaconda3\envs\mlpy\lib\site-packages\torch_geometric\io\txt_array.py:3[0m
[0;32m      1[0m [38;5;28;01mfrom[39;00m [38;5;21;01mtyping[39;00m [38;5;28;01mimport[39;00m List, Optional
[1;32m----> 3[0m [38;5;28;01mimport[39;00m [38;5;21;01mfsspec[39;00m
[0;32m      4[0m [38;5;28;01mimport[39;00m [38;5;21;01mtorch[39;00m
[0;32m      5[0m [38;5;28;01mfrom[39;00m [38;5;21;01mtorch[39;00m [38;5;28;01mimport[39;00m Tensor

[1;31mModuleNotFoundError[0m: No module named 'fsspec'

