Traceback (most recent call last):
  File "C:\ProgramData\anaconda3\envs\mlpy\lib\site-packages\jupyter_cache\executors\utils.py", line 58, in single_nb_execution
    executenb(
  File "C:\ProgramData\anaconda3\envs\mlpy\lib\site-packages\nbclient\client.py", line 1305, in execute
    return NotebookClient(nb=nb, resources=resources, km=km, **kwargs).execute()
  File "C:\ProgramData\anaconda3\envs\mlpy\lib\site-packages\jupyter_core\utils\__init__.py", line 173, in wrapped
    return loop.run_until_complete(inner)
  File "C:\ProgramData\anaconda3\envs\mlpy\lib\asyncio\base_events.py", line 649, in run_until_complete
    return future.result()
  File "C:\ProgramData\anaconda3\envs\mlpy\lib\site-packages\nbclient\client.py", line 705, in async_execute
    await self.async_execute_cell(
  File "C:\ProgramData\anaconda3\envs\mlpy\lib\site-packages\nbclient\client.py", line 1058, in async_execute_cell
    await self._check_raise_for_error(cell, cell_index, exec_reply)
  File "C:\ProgramData\anaconda3\envs\mlpy\lib\site-packages\nbclient\client.py", line 914, in _check_raise_for_error
    raise CellExecutionError.from_cell_and_msg(cell, exec_reply_content)
nbclient.exceptions.CellExecutionError: An error occurred while executing the following cell:
------------------
from sentence_transformers import SentenceTransformer
from sklearn.metrics.pairwise import cosine_similarity
import numpy as np

# Initialize the model
model = SentenceTransformer('all-mpnet-base-v2')

# Your industry description
industry_text = "Nganh nghe buon ban du lieu"

# Texts from different websites
website_texts = [
    "Chung toi buon ban du lieu va cong nghe",
    "Ben cung cap cong nghe",
    "Hien tai chung toi dang phat trien he thong",
    # Add more website texts
]

# Generate embeddings
industry_embedding = model.encode(industry_text)
website_embeddings = model.encode(website_texts)

# Compute similarities
similarities = cosine_similarity([industry_embedding], website_embeddings)[0]

# Find the best match
best_match_index = np.argmax(similarities)
best_match_score = similarities[best_match_index]

print(f"Best matching website is at index {best_match_index} with a similarity score of {best_match_score:.4f}")

------------------


[1;31m---------------------------------------------------------------------------[0m
[1;31mModuleNotFoundError[0m                       Traceback (most recent call last)
Cell [1;32mIn[2], line 1[0m
[1;32m----> 1[0m [38;5;28;01mfrom[39;00m [38;5;21;01msentence_transformers[39;00m [38;5;28;01mimport[39;00m SentenceTransformer
[0;32m      2[0m [38;5;28;01mfrom[39;00m [38;5;21;01msklearn[39;00m[38;5;21;01m.[39;00m[38;5;21;01mmetrics[39;00m[38;5;21;01m.[39;00m[38;5;21;01mpairwise[39;00m [38;5;28;01mimport[39;00m cosine_similarity
[0;32m      3[0m [38;5;28;01mimport[39;00m [38;5;21;01mnumpy[39;00m [38;5;28;01mas[39;00m [38;5;21;01mnp[39;00m

[1;31mModuleNotFoundError[0m: No module named 'sentence_transformers'

